<?xml version="1.0" encoding="UTF-8"?>
<!-- Generated by org.testng.reporters.JUnitXMLReporter -->
<testsuite hostname="LAPTOP-3FSGIJEU" ignored="0" name="Default test" tests="7" failures="0" timestamp="2022-10-17T17:34:26 IST" time="3.642" errors="0">
  <testcase name="@BeforeClass beforeClass" time="3.56" classname="com.test.FlipkartTestEdge">
    <failure type="org.openqa.selenium.SessionNotCreatedException" message="session not created: This version of Microsoft Edge WebDriver only supports Microsoft Edge version 108
Current browser version is 106.0.1370.42 with binary path C:\Program Files (x86)\Microsoft\Edge\Application\msedge.exe
Build info: version: &amp;apos;3.141.59&amp;apos;, revision: &amp;apos;e82be7d358&amp;apos;, time: &amp;apos;2018-11-14T08:25:48&amp;apos;
System info: host: &amp;apos;LAPTOP-3FSGIJEU&amp;apos;, ip: &amp;apos;192.168.29.13&amp;apos;, os.name: &amp;apos;Windows 10&amp;apos;, os.arch: &amp;apos;amd64&amp;apos;, os.version: &amp;apos;10.0&amp;apos;, java.version: &amp;apos;1.8.0_144&amp;apos;
Driver info: driver.version: EdgeDriver
remote stacktrace: Backtrace:
	Microsoft::Applications::Events::EventProperties::SetProperty [0x00007FF7E14BF002+10210]
	Microsoft::Applications::Events::EventProperty::EventProperty [0x00007FF7E145CEF2+1458610]
	Ordinal0 [0x00007FF7E105FBEC+654316]
	Ordinal0 [0x00007FF7E10917AA+858026]
	Ordinal0 [0x00007FF7E108C48D+836749]
	Ordinal0 [0x00007FF7E1087925+817445]
	Ordinal0 [0x00007FF7E10CB3B9+1094585]
	Ordinal0 [0x00007FF7E10CA738+1091384]
	Ordinal0 [0x00007FF7E10C35F3+1062387]
	Ordinal0 [0x00007FF7E109502C+872492]
	Ordinal0 [0x00007FF7E1093FDA+868314]
	Ordinal0 [0x00007FF7E10956D0+874192]
	Microsoft::Applications::Events::EventProperty::EventProperty [0x00007FF7E13195D8+133272]
	Microsoft::Applications::Events::EventProperty::EventProperty [0x00007FF7E130381F+43743]
	Microsoft::Applications::Events::EventProperty::EventProperty [0x00007FF7E1306CAC+57196]
	Ordinal0 [0x00007FF7E1160F14+1707796]
	Microsoft::Applications::Events::EventProperty::EventProperty [0x00007FF7E146264A+1480970]
	Microsoft::Applications::Events::EventProperty::EventProperty [0x00007FF7E1466474+1496884]
	Microsoft::Applications::Events::EventProperty::EventProperty [0x00007FF7E14665CD+1497229]
	Microsoft::Applications::Events::EventProperty::EventProperty [0x00007FF7E146E1FB+1529019]
	BaseThreadInitThunk [0x00007FFCDE147034+20]
	RtlUserThreadStart [0x00007FFCDE3026A1+33]
">
      <![CDATA[org.openqa.selenium.SessionNotCreatedException: session not created: This version of Microsoft Edge WebDriver only supports Microsoft Edge version 108
Current browser version is 106.0.1370.42 with binary path C:\Program Files (x86)\Microsoft\Edge\Application\msedge.exe
Build info: version: '3.141.59', revision: 'e82be7d358', time: '2018-11-14T08:25:48'
System info: host: 'LAPTOP-3FSGIJEU', ip: '192.168.29.13', os.name: 'Windows 10', os.arch: 'amd64', os.version: '10.0', java.version: '1.8.0_144'
Driver info: driver.version: EdgeDriver
remote stacktrace: Backtrace:
Microsoft::Applications::Events::EventProperties::SetProperty [0x00007FF7E14BF002+10210]
Microsoft::Applications::Events::EventProperty::EventProperty [0x00007FF7E145CEF2+1458610]
Ordinal0 [0x00007FF7E105FBEC+654316]
Ordinal0 [0x00007FF7E10917AA+858026]
Ordinal0 [0x00007FF7E108C48D+836749]
Ordinal0 [0x00007FF7E1087925+817445]
Ordinal0 [0x00007FF7E10CB3B9+1094585]
Ordinal0 [0x00007FF7E10CA738+1091384]
Ordinal0 [0x00007FF7E10C35F3+1062387]
Ordinal0 [0x00007FF7E109502C+872492]
Ordinal0 [0x00007FF7E1093FDA+868314]
Ordinal0 [0x00007FF7E10956D0+874192]
Microsoft::Applications::Events::EventProperty::EventProperty [0x00007FF7E13195D8+133272]
Microsoft::Applications::Events::EventProperty::EventProperty [0x00007FF7E130381F+43743]
Microsoft::Applications::Events::EventProperty::EventProperty [0x00007FF7E1306CAC+57196]
Ordinal0 [0x00007FF7E1160F14+1707796]
Microsoft::Applications::Events::EventProperty::EventProperty [0x00007FF7E146264A+1480970]
Microsoft::Applications::Events::EventProperty::EventProperty [0x00007FF7E1466474+1496884]
Microsoft::Applications::Events::EventProperty::EventProperty [0x00007FF7E14665CD+1497229]
Microsoft::Applications::Events::EventProperty::EventProperty [0x00007FF7E146E1FB+1529019]
BaseThreadInitThunk [0x00007FFCDE147034+20]
RtlUserThreadStart [0x00007FFCDE3026A1+33]

at sun.reflect.NativeConstructorAccessorImpl.newInstance0(Native Method)
at sun.reflect.NativeConstructorAccessorImpl.newInstance(NativeConstructorAccessorImpl.java:62)
at sun.reflect.DelegatingConstructorAccessorImpl.newInstance(DelegatingConstructorAccessorImpl.java:45)
at java.lang.reflect.Constructor.newInstance(Constructor.java:423)
at org.openqa.selenium.remote.W3CHandshakeResponse.lambda$errorHandler$0(W3CHandshakeResponse.java:62)
at org.openqa.selenium.remote.HandshakeResponse.lambda$getResponseFunction$0(HandshakeResponse.java:30)
at org.openqa.selenium.remote.ProtocolHandshake.lambda$createSession$0(ProtocolHandshake.java:126)
at java.util.stream.ReferencePipeline$3$1.accept(ReferencePipeline.java:193)
at java.util.Spliterators$ArraySpliterator.tryAdvance(Spliterators.java:958)
at java.util.stream.ReferencePipeline.forEachWithCancel(ReferencePipeline.java:126)
at java.util.stream.AbstractPipeline.copyIntoWithCancel(AbstractPipeline.java:498)
at java.util.stream.AbstractPipeline.copyInto(AbstractPipeline.java:485)
at java.util.stream.AbstractPipeline.wrapAndCopyInto(AbstractPipeline.java:471)
at java.util.stream.FindOps$FindOp.evaluateSequential(FindOps.java:152)
at java.util.stream.AbstractPipeline.evaluate(AbstractPipeline.java:234)
at java.util.stream.ReferencePipeline.findFirst(ReferencePipeline.java:464)
at org.openqa.selenium.remote.ProtocolHandshake.createSession(ProtocolHandshake.java:128)
at org.openqa.selenium.remote.ProtocolHandshake.createSession(ProtocolHandshake.java:74)
at org.openqa.selenium.remote.HttpCommandExecutor.execute(HttpCommandExecutor.java:136)
at org.openqa.selenium.remote.service.DriverCommandExecutor.execute(DriverCommandExecutor.java:83)
at org.openqa.selenium.remote.RemoteWebDriver.execute(RemoteWebDriver.java:552)
at org.openqa.selenium.remote.RemoteWebDriver.startSession(RemoteWebDriver.java:213)
at org.openqa.selenium.remote.RemoteWebDriver.<init>(RemoteWebDriver.java:131)
at org.openqa.selenium.edge.EdgeDriver.<init>(EdgeDriver.java:141)
at org.openqa.selenium.edge.EdgeDriver.<init>(EdgeDriver.java:96)
at com.test.FlipkartTestEdge.beforeClass(FlipkartTestEdge.java:34)
at sun.reflect.NativeMethodAccessorImpl.invoke0(Native Method)
at sun.reflect.NativeMethodAccessorImpl.invoke(NativeMethodAccessorImpl.java:62)
at sun.reflect.DelegatingMethodAccessorImpl.invoke(DelegatingMethodAccessorImpl.java:43)
at java.lang.reflect.Method.invoke(Method.java:498)
at org.testng.internal.MethodInvocationHelper.invokeMethod(MethodInvocationHelper.java:133)
at org.testng.internal.MethodInvocationHelper.invokeMethodConsideringTimeout(MethodInvocationHelper.java:62)
at org.testng.internal.ConfigInvoker.invokeConfigurationMethod(ConfigInvoker.java:385)
at org.testng.internal.ConfigInvoker.invokeConfigurations(ConfigInvoker.java:321)
at org.testng.internal.TestMethodWorker.invokeBeforeClassMethods(TestMethodWorker.java:176)
at org.testng.internal.TestMethodWorker.run(TestMethodWorker.java:122)
at java.util.ArrayList.forEach(ArrayList.java:1249)
at org.testng.TestRunner.privateRun(TestRunner.java:794)
at org.testng.TestRunner.run(TestRunner.java:596)
at org.testng.SuiteRunner.runTest(SuiteRunner.java:377)
at org.testng.SuiteRunner.runSequentially(SuiteRunner.java:371)
at org.testng.SuiteRunner.privateRun(SuiteRunner.java:332)
at org.testng.SuiteRunner.run(SuiteRunner.java:276)
at org.testng.SuiteRunnerWorker.runSuite(SuiteRunnerWorker.java:53)
at org.testng.SuiteRunnerWorker.run(SuiteRunnerWorker.java:96)
at org.testng.TestNG.runSuitesSequentially(TestNG.java:1212)
at org.testng.TestNG.runSuitesLocally(TestNG.java:1134)
at org.testng.TestNG.runSuites(TestNG.java:1063)
at org.testng.TestNG.run(TestNG.java:1031)
at org.testng.remote.AbstractRemoteTestNG.run(AbstractRemoteTestNG.java:115)
at org.testng.remote.RemoteTestNG.initAndRun(RemoteTestNG.java:251)
at org.testng.remote.RemoteTestNG.main(RemoteTestNG.java:77)
]]>
    </failure>
  </testcase> <!-- @BeforeClass beforeClass -->
  <testcase name="@AfterClass afterClass" time="-1.666008266364E9" classname="com.test.FlipkartTestEdge">
    <skipped/>
  </testcase> <!-- @AfterClass afterClass -->
  <testcase name="closeLogin" time="0.0" classname="com.test.FlipkartTestEdge">
    <skipped/>
  </testcase> <!-- closeLogin -->
  <testcase name="scroll" time="0.0" classname="com.test.FlipkartTestEdge">
    <skipped/>
  </testcase> <!-- scroll -->
  <testcase name="searchProduct" time="0.0" classname="com.test.FlipkartTestEdge">
    <skipped/>
  </testcase> <!-- searchProduct -->
  <testcase name="loadImage" time="0.0" classname="com.test.FlipkartTestEdge">
    <skipped/>
  </testcase> <!-- loadImage -->
  <testcase name="scrollFrequency" time="0.0" classname="com.test.FlipkartTestEdge">
    <skipped/>
  </testcase> <!-- scrollFrequency -->
  <testcase name="downloadImages" time="0.0" classname="com.test.FlipkartTestEdge">
    <skipped/>
  </testcase> <!-- downloadImages -->
  <testcase name="screenResolution" time="0.0" classname="com.test.FlipkartTestEdge">
    <skipped/>
  </testcase> <!-- screenResolution -->
</testsuite> <!-- Default test -->
